  test.cpp
E:\Desktop\grahpic\gl\Project1\Project1\lib\mesh.h(36,1): warning C4267: “初始化”: 从“size_t”转换到“GLuint”，可能丢失数据
E:\Desktop\grahpic\gl\Project1\Project1\lib\mesh.h(39,1): warning C4312: “类型强制转换”: 从“GLuint”转换到更大的“GLvoid *”
E:\Desktop\grahpic\gl\Project1\Project1\lib\mesh.h(42,1): warning C4267: “初始化”: 从“size_t”转换到“GLuint”，可能丢失数据
E:\Desktop\grahpic\gl\Project1\Project1\lib\mesh.h(45,1): warning C4312: “类型强制转换”: 从“GLuint”转换到更大的“GLvoid *”
E:\Desktop\grahpic\gl\Project1\Project1\lib\mesh.h(48,1): warning C4267: “初始化”: 从“size_t”转换到“GLuint”，可能丢失数据
E:\Desktop\grahpic\gl\Project1\Project1\lib\mesh.h(51,1): warning C4312: “类型强制转换”: 从“GLuint”转换到更大的“GLvoid *”
E:\Desktop\grahpic\gl\Project1\Project1\lib\mesh.h(69,1): warning C4267: “参数”: 从“size_t”转换到“GLsizei”，可能丢失数据
E:\Desktop\grahpic\gl\Project1\Project1\lib\model.h(29,27): warning C4018: “<”: 有符号/无符号不匹配
E:\Desktop\grahpic\gl\Project1\Project1\lib\model.h(39,31): warning C4018: “<”: 有符号/无符号不匹配
E:\Desktop\grahpic\gl\Project1\Project1\src\test.cpp(135,32): warning C4305: “初始化”: 从“double”到“float”截断
glfw3.lib(context.obj) : warning LNK4099: 未找到 PDB“glfw3.pdb”(使用“glfw3.lib(context.obj)”或在“E:\Desktop\grahpic\gl\Project1\x64\Debug\glfw3.pdb”中寻找)；正在链接对象，如同没有调试信息一样
glfw3.lib(init.obj) : warning LNK4099: 未找到 PDB“glfw3.pdb”(使用“glfw3.lib(init.obj)”或在“E:\Desktop\grahpic\gl\Project1\x64\Debug\glfw3.pdb”中寻找)；正在链接对象，如同没有调试信息一样
glfw3.lib(input.obj) : warning LNK4099: 未找到 PDB“glfw3.pdb”(使用“glfw3.lib(input.obj)”或在“E:\Desktop\grahpic\gl\Project1\x64\Debug\glfw3.pdb”中寻找)；正在链接对象，如同没有调试信息一样
glfw3.lib(monitor.obj) : warning LNK4099: 未找到 PDB“glfw3.pdb”(使用“glfw3.lib(monitor.obj)”或在“E:\Desktop\grahpic\gl\Project1\x64\Debug\glfw3.pdb”中寻找)；正在链接对象，如同没有调试信息一样
glfw3.lib(vulkan.obj) : warning LNK4099: 未找到 PDB“glfw3.pdb”(使用“glfw3.lib(vulkan.obj)”或在“E:\Desktop\grahpic\gl\Project1\x64\Debug\glfw3.pdb”中寻找)；正在链接对象，如同没有调试信息一样
glfw3.lib(window.obj) : warning LNK4099: 未找到 PDB“glfw3.pdb”(使用“glfw3.lib(window.obj)”或在“E:\Desktop\grahpic\gl\Project1\x64\Debug\glfw3.pdb”中寻找)；正在链接对象，如同没有调试信息一样
glfw3.lib(win32_init.obj) : warning LNK4099: 未找到 PDB“glfw3.pdb”(使用“glfw3.lib(win32_init.obj)”或在“E:\Desktop\grahpic\gl\Project1\x64\Debug\glfw3.pdb”中寻找)；正在链接对象，如同没有调试信息一样
glfw3.lib(win32_joystick.obj) : warning LNK4099: 未找到 PDB“glfw3.pdb”(使用“glfw3.lib(win32_joystick.obj)”或在“E:\Desktop\grahpic\gl\Project1\x64\Debug\glfw3.pdb”中寻找)；正在链接对象，如同没有调试信息一样
glfw3.lib(win32_monitor.obj) : warning LNK4099: 未找到 PDB“glfw3.pdb”(使用“glfw3.lib(win32_monitor.obj)”或在“E:\Desktop\grahpic\gl\Project1\x64\Debug\glfw3.pdb”中寻找)；正在链接对象，如同没有调试信息一样
glfw3.lib(win32_time.obj) : warning LNK4099: 未找到 PDB“glfw3.pdb”(使用“glfw3.lib(win32_time.obj)”或在“E:\Desktop\grahpic\gl\Project1\x64\Debug\glfw3.pdb”中寻找)；正在链接对象，如同没有调试信息一样
glfw3.lib(win32_thread.obj) : warning LNK4099: 未找到 PDB“glfw3.pdb”(使用“glfw3.lib(win32_thread.obj)”或在“E:\Desktop\grahpic\gl\Project1\x64\Debug\glfw3.pdb”中寻找)；正在链接对象，如同没有调试信息一样
glfw3.lib(win32_window.obj) : warning LNK4099: 未找到 PDB“glfw3.pdb”(使用“glfw3.lib(win32_window.obj)”或在“E:\Desktop\grahpic\gl\Project1\x64\Debug\glfw3.pdb”中寻找)；正在链接对象，如同没有调试信息一样
glfw3.lib(wgl_context.obj) : warning LNK4099: 未找到 PDB“glfw3.pdb”(使用“glfw3.lib(wgl_context.obj)”或在“E:\Desktop\grahpic\gl\Project1\x64\Debug\glfw3.pdb”中寻找)；正在链接对象，如同没有调试信息一样
glfw3.lib(egl_context.obj) : warning LNK4099: 未找到 PDB“glfw3.pdb”(使用“glfw3.lib(egl_context.obj)”或在“E:\Desktop\grahpic\gl\Project1\x64\Debug\glfw3.pdb”中寻找)；正在链接对象，如同没有调试信息一样
glfw3.lib(osmesa_context.obj) : warning LNK4099: 未找到 PDB“glfw3.pdb”(使用“glfw3.lib(osmesa_context.obj)”或在“E:\Desktop\grahpic\gl\Project1\x64\Debug\glfw3.pdb”中寻找)；正在链接对象，如同没有调试信息一样
  Project1.vcxproj -> E:\Desktop\grahpic\gl\Project1\x64\Debug\Project1.exe
